<?xml version="1.0" encoding="UTF-8"?>
<coverage generated="1758073187475" clover="3.2.0">
  <project timestamp="1758073187475" name="All files">
    <metrics statements="168" coveredstatements="148" conditionals="102" coveredconditionals="76" methods="74" coveredmethods="60" elements="344" coveredelements="284" complexity="0" loc="168" ncloc="168" packages="2" files="12" classes="12"/>
    <package name="components">
      <metrics statements="145" coveredstatements="131" conditionals="102" coveredconditionals="76" methods="65" coveredmethods="54"/>
      <file name="Body.jsx" path="/Users/vaishalimishra/Desktop/Namaste React/EP-13-Testing/src/components/Body.jsx">
        <metrics statements="25" coveredstatements="23" conditionals="16" coveredconditionals="12" methods="9" coveredmethods="9"/>
        <line num="8" count="1" type="stmt"/>
        <line num="10" count="8" type="stmt"/>
        <line num="11" count="8" type="stmt"/>
        <line num="14" count="8" type="stmt"/>
        <line num="16" count="3" type="stmt"/>
        <line num="19" count="8" type="stmt"/>
        <line num="20" count="8" type="stmt"/>
        <line num="21" count="3" type="stmt"/>
        <line num="22" count="3" type="stmt"/>
        <line num="24" count="3" type="stmt"/>
        <line num="27" count="3" type="stmt"/>
        <line num="28" count="60" type="cond" truecount="2" falsecount="0"/>
        <line num="29" count="3" type="stmt"/>
        <line num="30" count="3" type="stmt"/>
        <line num="32" count="0" type="stmt"/>
        <line num="41" count="8" type="stmt"/>
        <line num="43" count="8" type="stmt"/>
        <line num="45" count="8" type="cond" truecount="1" falsecount="1"/>
        <line num="46" count="0" type="stmt"/>
        <line num="48" count="8" type="cond" truecount="4" falsecount="0"/>
        <line num="53" count="20" type="cond" truecount="1" falsecount="1"/>
        <line num="54" count="1" type="stmt"/>
        <line num="58" count="20" type="cond" truecount="1" falsecount="1"/>
        <line num="59" count="1" type="stmt"/>
        <line num="64" count="76" type="cond" truecount="3" falsecount="1"/>
      </file>
      <file name="Cart.jsx" path="/Users/vaishalimishra/Desktop/Namaste React/EP-13-Testing/src/components/Cart.jsx">
        <metrics statements="40" coveredstatements="40" conditionals="18" coveredconditionals="13" methods="15" coveredmethods="15"/>
        <line num="5" count="1" type="stmt"/>
        <line num="6" count="15" type="stmt"/>
        <line num="7" count="15" type="stmt"/>
        <line num="8" count="9" type="stmt"/>
        <line num="9" count="9" type="stmt"/>
        <line num="12" count="9" type="stmt"/>
        <line num="13" count="6" type="cond" truecount="2" falsecount="0"/>
        <line num="14" count="1" type="stmt"/>
        <line num="15" count="1" type="stmt"/>
        <line num="20" count="9" type="stmt"/>
        <line num="21" count="4" type="stmt"/>
        <line num="22" count="4" type="stmt"/>
        <line num="23" count="7" type="stmt"/>
        <line num="24" count="7" type="stmt"/>
        <line num="26" count="4" type="stmt"/>
        <line num="29" count="9" type="stmt"/>
        <line num="30" count="1" type="stmt"/>
        <line num="36" count="9" type="stmt"/>
        <line num="37" count="2" type="stmt"/>
        <line num="38" count="2" type="cond" truecount="2" falsecount="0"/>
        <line num="39" count="1" type="stmt"/>
        <line num="41" count="1" type="stmt"/>
        <line num="42" count="1" type="stmt"/>
        <line num="43" count="1" type="stmt"/>
        <line num="44" count="1" type="stmt"/>
        <line num="50" count="9" type="stmt"/>
        <line num="51" count="14" type="stmt"/>
        <line num="53" count="14" type="cond" truecount="1" falsecount="2"/>
        <line num="54" count="14" type="cond" truecount="2" falsecount="0"/>
        <line num="55" count="14" type="stmt"/>
        <line num="58" count="9" type="stmt"/>
        <line num="60" count="9" type="stmt"/>
        <line num="61" count="1" type="stmt"/>
        <line num="64" count="9" type="stmt"/>
        <line num="82" count="14" type="stmt"/>
        <line num="83" count="14" type="cond" truecount="2" falsecount="0"/>
        <line num="85" count="14" type="cond" truecount="1" falsecount="2"/>
        <line num="87" count="14" type="stmt"/>
        <line num="112" count="2" type="stmt"/>
        <line num="120" count="1" type="stmt"/>
      </file>
      <file name="ContactUs.jsx" path="/Users/vaishalimishra/Desktop/Namaste React/EP-13-Testing/src/components/ContactUs.jsx">
        <metrics statements="2" coveredstatements="2" conditionals="0" coveredconditionals="0" methods="1" coveredmethods="1"/>
        <line num="1" count="1" type="stmt"/>
        <line num="2" count="3" type="stmt"/>
      </file>
      <file name="Header.jsx" path="/Users/vaishalimishra/Desktop/Namaste React/EP-13-Testing/src/components/Header.jsx">
        <metrics statements="8" coveredstatements="7" conditionals="4" coveredconditionals="2" methods="4" coveredmethods="3"/>
        <line num="9" count="2" type="stmt"/>
        <line num="13" count="12" type="stmt"/>
        <line num="14" count="12" type="stmt"/>
        <line num="16" count="12" type="stmt"/>
        <line num="18" count="23" type="stmt"/>
        <line num="20" count="12" type="stmt"/>
        <line num="25" count="0" type="stmt"/>
        <line num="38" count="1" type="cond" truecount="1" falsecount="1"/>
      </file>
      <file name="RestaurantCard.jsx" path="/Users/vaishalimishra/Desktop/Namaste React/EP-13-Testing/src/components/RestaurantCard.jsx">
        <metrics statements="6" coveredstatements="6" conditionals="2" coveredconditionals="2" methods="3" coveredmethods="3"/>
        <line num="3" count="2" type="stmt"/>
        <line num="6" count="78" type="stmt"/>
        <line num="8" count="78" type="stmt"/>
        <line num="27" count="2" type="stmt"/>
        <line num="28" count="9" type="stmt"/>
        <line num="29" count="39" type="stmt"/>
      </file>
      <file name="RestaurantMenuItems.jsx" path="/Users/vaishalimishra/Desktop/Namaste React/EP-13-Testing/src/components/RestaurantMenuItems.jsx">
        <metrics statements="59" coveredstatements="48" conditionals="62" coveredconditionals="47" methods="30" coveredmethods="20"/>
        <line num="8" count="1" type="stmt"/>
        <line num="10" count="8" type="stmt"/>
        <line num="11" count="96" type="cond" truecount="1" falsecount="1"/>
        <line num="13" count="8" type="stmt"/>
        <line num="14" count="6" type="stmt"/>
        <line num="15" count="6" type="cond" truecount="1" falsecount="1"/>
        <line num="16" count="6" type="stmt"/>
        <line num="17" count="96" type="stmt"/>
        <line num="18" count="96" type="cond" truecount="4" falsecount="0"/>
        <line num="19" count="78" type="stmt"/>
        <line num="23" count="6" type="stmt"/>
        <line num="26" count="8" type="stmt"/>
        <line num="29" count="8" type="stmt"/>
        <line num="30" count="1" type="stmt"/>
        <line num="31" count="1" type="stmt"/>
        <line num="32" count="16" type="cond" truecount="1" falsecount="1"/>
        <line num="34" count="1" type="stmt"/>
        <line num="35" count="1" type="stmt"/>
        <line num="36" count="1" type="stmt"/>
        <line num="37" count="1" type="cond" truecount="1" falsecount="1"/>
        <line num="38" count="1" type="stmt"/>
        <line num="39" count="1" type="stmt"/>
        <line num="43" count="8" type="stmt"/>
        <line num="44" count="0" type="stmt"/>
        <line num="45" count="0" type="stmt"/>
        <line num="46" count="0" type="cond" truecount="0" falsecount="2"/>
        <line num="47" count="0" type="stmt"/>
        <line num="50" count="0" type="stmt"/>
        <line num="56" count="8" type="stmt"/>
        <line num="57" count="1" type="stmt"/>
        <line num="58" count="1" type="cond" truecount="1" falsecount="1"/>
        <line num="61" count="8" type="stmt"/>
        <line num="62" count="0" type="stmt"/>
        <line num="63" count="0" type="cond" truecount="0" falsecount="2"/>
        <line num="67" count="8" type="stmt"/>
        <line num="69" count="8" type="stmt"/>
        <line num="70" count="2" type="stmt"/>
        <line num="72" count="2" type="stmt"/>
        <line num="73" count="2" type="stmt"/>
        <line num="85" count="8" type="stmt"/>
        <line num="89" count="128" type="cond" truecount="1" falsecount="1"/>
        <line num="90" count="1" type="stmt"/>
        <line num="96" count="932" type="stmt"/>
        <line num="97" count="932" type="stmt"/>
        <line num="98" count="932" type="cond" truecount="4" falsecount="0"/>
        <line num="99" count="852" type="stmt"/>
        <line num="101" count="932" type="stmt"/>
        <line num="108" count="0" type="stmt"/>
        <line num="109" count="1" type="stmt"/>
        <line num="113" count="2" type="stmt"/>
        <line num="120" count="104" type="cond" truecount="2" falsecount="0"/>
        <line num="121" count="0" type="stmt"/>
        <line num="127" count="344" type="stmt"/>
        <line num="128" count="344" type="stmt"/>
        <line num="129" count="344" type="cond" truecount="4" falsecount="0"/>
        <line num="130" count="240" type="stmt"/>
        <line num="132" count="344" type="stmt"/>
        <line num="138" count="0" type="cond" truecount="1" falsecount="1"/>
        <line num="142" count="0" type="stmt"/>
      </file>
      <file name="Sum.jsx" path="/Users/vaishalimishra/Desktop/Namaste React/EP-13-Testing/src/components/Sum.jsx">
        <metrics statements="2" coveredstatements="2" conditionals="0" coveredconditionals="0" methods="1" coveredmethods="1"/>
        <line num="1" count="1" type="stmt"/>
        <line num="2" count="1" type="stmt"/>
      </file>
      <file name="shimmer.jsx" path="/Users/vaishalimishra/Desktop/Namaste React/EP-13-Testing/src/components/shimmer.jsx">
        <metrics statements="3" coveredstatements="3" conditionals="0" coveredconditionals="0" methods="2" coveredmethods="2"/>
        <line num="1" count="1" type="stmt"/>
        <line num="2" count="3" type="stmt"/>
        <line num="5" count="48" type="stmt"/>
      </file>
    </package>
    <package name="utils">
      <metrics statements="23" coveredstatements="17" conditionals="0" coveredconditionals="0" methods="9" coveredmethods="6"/>
      <file name="AppStore.jsx" path="/Users/vaishalimishra/Desktop/Namaste React/EP-13-Testing/src/utils/AppStore.jsx">
        <metrics statements="1" coveredstatements="1" conditionals="0" coveredconditionals="0" methods="0" coveredmethods="0"/>
        <line num="5" count="2" type="stmt"/>
      </file>
      <file name="CartSlice.jsx" path="/Users/vaishalimishra/Desktop/Namaste React/EP-13-Testing/src/utils/CartSlice.jsx">
        <metrics statements="11" coveredstatements="7" conditionals="0" coveredconditionals="0" methods="5" coveredmethods="4"/>
        <line num="3" count="2" type="stmt"/>
        <line num="14" count="2" type="stmt"/>
        <line num="17" count="1" type="stmt"/>
        <line num="18" count="2" type="stmt"/>
        <line num="23" count="1" type="stmt"/>
        <line num="26" count="0" type="stmt"/>
        <line num="27" count="0" type="stmt"/>
        <line num="28" count="0" type="stmt"/>
        <line num="29" count="0" type="stmt"/>
        <line num="34" count="2" type="stmt"/>
        <line num="36" count="2" type="stmt"/>
      </file>
      <file name="constants.js" path="/Users/vaishalimishra/Desktop/Namaste React/EP-13-Testing/src/utils/constants.js">
        <metrics statements="3" coveredstatements="3" conditionals="0" coveredconditionals="0" methods="0" coveredmethods="0"/>
        <line num="1" count="4" type="stmt"/>
        <line num="3" count="4" type="stmt"/>
        <line num="5" count="4" type="stmt"/>
      </file>
      <file name="useOnlineStatus.jsx" path="/Users/vaishalimishra/Desktop/Namaste React/EP-13-Testing/src/utils/useOnlineStatus.jsx">
        <metrics statements="8" coveredstatements="6" conditionals="0" coveredconditionals="0" methods="4" coveredmethods="2"/>
        <line num="3" count="3" type="stmt"/>
        <line num="4" count="20" type="stmt"/>
        <line num="6" count="20" type="stmt"/>
        <line num="7" count="11" type="stmt"/>
        <line num="8" count="0" type="stmt"/>
        <line num="11" count="11" type="stmt"/>
        <line num="12" count="0" type="stmt"/>
        <line num="16" count="20" type="stmt"/>
      </file>
    </package>
  </project>
</coverage>
