{"/Users/vaishalimishra/Desktop/Namaste React/EP-13-Testing/src/components/Body.jsx": {"path":"/Users/vaishalimishra/Desktop/Namaste React/EP-13-Testing/src/components/Body.jsx","statementMap":{"0":{"start":{"line":8,"column":13},"end":{"line":69,"column":1}},"1":{"start":{"line":10,"column":26},"end":{"line":10,"column":38}},"2":{"start":{"line":11,"column":36},"end":{"line":11,"column":48}},"3":{"start":{"line":14,"column":4},"end":{"line":17,"column":11}},"4":{"start":{"line":16,"column":8},"end":{"line":16,"column":20}},"5":{"start":{"line":19,"column":22},"end":{"line":19,"column":24}},"6":{"start":{"line":20,"column":22},"end":{"line":35,"column":5}},"7":{"start":{"line":21,"column":8},"end":{"line":33,"column":9}},"8":{"start":{"line":22,"column":25},"end":{"line":22,"column":172}},"9":{"start":{"line":24,"column":25},"end":{"line":24,"column":42}},"10":{"start":{"line":27,"column":12},"end":{"line":27,"column":101}},"11":{"start":{"line":28,"column":12},"end":{"line":28,"column":100}},"12":{"start":{"line":28,"column":37},"end":{"line":28,"column":99}},"13":{"start":{"line":29,"column":12},"end":{"line":29,"column":32}},"14":{"start":{"line":30,"column":12},"end":{"line":30,"column":37}},"15":{"start":{"line":32,"column":12},"end":{"line":32,"column":68}},"16":{"start":{"line":41,"column":35},"end":{"line":41,"column":67}},"17":{"start":{"line":43,"column":25},"end":{"line":43,"column":42}},"18":{"start":{"line":45,"column":4},"end":{"line":46,"column":100}},"19":{"start":{"line":46,"column":8},"end":{"line":46,"column":100}},"20":{"start":{"line":48,"column":4},"end":{"line":68,"column":5}},"21":{"start":{"line":53,"column":44},"end":{"line":53,"column":164}},"22":{"start":{"line":53,"column":83},"end":{"line":53,"column":158}},"23":{"start":{"line":54,"column":24},"end":{"line":54,"column":49}},"24":{"start":{"line":58,"column":41},"end":{"line":58,"column":111}},"25":{"start":{"line":58,"column":80},"end":{"line":58,"column":105}},"26":{"start":{"line":59,"column":20},"end":{"line":59,"column":46}},"27":{"start":{"line":64,"column":66},"end":{"line":64,"column":252}}},"fnMap":{"0":{"name":"(anonymous_0)","decl":{"start":{"line":8,"column":13},"end":{"line":8,"column":14}},"loc":{"start":{"line":8,"column":19},"end":{"line":69,"column":1}},"line":8},"1":{"name":"(anonymous_1)","decl":{"start":{"line":14,"column":14},"end":{"line":14,"column":15}},"loc":{"start":{"line":14,"column":20},"end":{"line":17,"column":5}},"line":14},"2":{"name":"(anonymous_2)","decl":{"start":{"line":20,"column":22},"end":{"line":20,"column":23}},"loc":{"start":{"line":20,"column":34},"end":{"line":35,"column":5}},"line":20},"3":{"name":"(anonymous_3)","decl":{"start":{"line":28,"column":28},"end":{"line":28,"column":29}},"loc":{"start":{"line":28,"column":37},"end":{"line":28,"column":99}},"line":28},"4":{"name":"(anonymous_4)","decl":{"start":{"line":52,"column":121},"end":{"line":52,"column":122}},"loc":{"start":{"line":52,"column":128},"end":{"line":55,"column":22}},"line":52},"5":{"name":"(anonymous_5)","decl":{"start":{"line":53,"column":76},"end":{"line":53,"column":77}},"loc":{"start":{"line":53,"column":83},"end":{"line":53,"column":158}},"line":53},"6":{"name":"(anonymous_6)","decl":{"start":{"line":57,"column":81},"end":{"line":57,"column":82}},"loc":{"start":{"line":57,"column":87},"end":{"line":60,"column":17}},"line":57},"7":{"name":"(anonymous_7)","decl":{"start":{"line":58,"column":73},"end":{"line":58,"column":74}},"loc":{"start":{"line":58,"column":80},"end":{"line":58,"column":105}},"line":58},"8":{"name":"(anonymous_8)","decl":{"start":{"line":64,"column":59},"end":{"line":64,"column":60}},"loc":{"start":{"line":64,"column":66},"end":{"line":64,"column":252}},"line":64}},"branchMap":{"0":{"loc":{"start":{"line":28,"column":37},"end":{"line":28,"column":99}},"type":"cond-expr","locations":[{"start":{"line":28,"column":47},"end":{"line":28,"column":71}},{"start":{"line":28,"column":74},"end":{"line":28,"column":99}}],"line":28},"1":{"loc":{"start":{"line":45,"column":4},"end":{"line":46,"column":100}},"type":"if","locations":[{"start":{"line":45,"column":4},"end":{"line":46,"column":100}},{"start":{},"end":{}}],"line":45},"2":{"loc":{"start":{"line":48,"column":11},"end":{"line":68,"column":5}},"type":"cond-expr","locations":[{"start":{"line":48,"column":52},"end":{"line":48,"column":63}},{"start":{"line":49,"column":8},"end":{"line":67,"column":14}}],"line":48},"3":{"loc":{"start":{"line":48,"column":11},"end":{"line":48,"column":49}},"type":"binary-expr","locations":[{"start":{"line":48,"column":11},"end":{"line":48,"column":29}},{"start":{"line":48,"column":33},"end":{"line":48,"column":49}}],"line":48},"4":{"loc":{"start":{"line":53,"column":44},"end":{"line":53,"column":164}},"type":"cond-expr","locations":[{"start":{"line":53,"column":65},"end":{"line":53,"column":159}},{"start":{"line":53,"column":162},"end":{"line":53,"column":164}}],"line":53},"5":{"loc":{"start":{"line":58,"column":41},"end":{"line":58,"column":111}},"type":"cond-expr","locations":[{"start":{"line":58,"column":62},"end":{"line":58,"column":106}},{"start":{"line":58,"column":109},"end":{"line":58,"column":111}}],"line":58},"6":{"loc":{"start":{"line":64,"column":20},"end":{"line":64,"column":260}},"type":"cond-expr","locations":[{"start":{"line":64,"column":46},"end":{"line":64,"column":253}},{"start":{"line":64,"column":256},"end":{"line":64,"column":260}}],"line":64},"7":{"loc":{"start":{"line":64,"column":147},"end":{"line":64,"column":243}},"type":"cond-expr","locations":[{"start":{"line":64,"column":170},"end":{"line":64,"column":208}},{"start":{"line":64,"column":213},"end":{"line":64,"column":241}}],"line":64}},"s":{"0":1,"1":8,"2":8,"3":8,"4":3,"5":8,"6":8,"7":3,"8":3,"9":3,"10":3,"11":3,"12":60,"13":3,"14":3,"15":0,"16":8,"17":8,"18":8,"19":0,"20":8,"21":1,"22":20,"23":1,"24":1,"25":20,"26":1,"27":76},"f":{"0":8,"1":3,"2":3,"3":60,"4":1,"5":20,"6":1,"7":20,"8":76},"b":{"0":[30,30],"1":[0,8],"2":[3,5],"3":[8,8],"4":[1,0],"5":[1,0],"6":[5,0],"7":[38,38]},"_coverageSchema":"1a1c01bbd47fc00a2c39e90264f33305004495a9","hash":"d4fae8d404f28d1377dc73a7511d712753208449"}
,"/Users/vaishalimishra/Desktop/Namaste React/EP-13-Testing/src/components/Cart.jsx": {"path":"/Users/vaishalimishra/Desktop/Namaste React/EP-13-Testing/src/components/Cart.jsx","statementMap":{"0":{"start":{"line":5,"column":13},"end":{"line":163,"column":1}},"1":{"start":{"line":6,"column":20},"end":{"line":6,"column":60}},"2":{"start":{"line":6,"column":43},"end":{"line":6,"column":59}},"3":{"start":{"line":7,"column":39},"end":{"line":7,"column":73}},"4":{"start":{"line":7,"column":62},"end":{"line":7,"column":72}},"5":{"start":{"line":8,"column":19},"end":{"line":8,"column":32}},"6":{"start":{"line":9,"column":34},"end":{"line":9,"column":48}},"7":{"start":{"line":12,"column":2},"end":{"line":17,"column":27}},"8":{"start":{"line":13,"column":4},"end":{"line":16,"column":5}},"9":{"start":{"line":14,"column":6},"end":{"line":14,"column":37}},"10":{"start":{"line":15,"column":6},"end":{"line":15,"column":24}},"11":{"start":{"line":20,"column":28},"end":{"line":27,"column":4}},"12":{"start":{"line":21,"column":16},"end":{"line":21,"column":18}},"13":{"start":{"line":22,"column":4},"end":{"line":25,"column":7}},"14":{"start":{"line":23,"column":17},"end":{"line":23,"column":34}},"15":{"start":{"line":24,"column":6},"end":{"line":24,"column":18}},"16":{"start":{"line":26,"column":4},"end":{"line":26,"column":15}},"17":{"start":{"line":29,"column":26},"end":{"line":34,"column":3}},"18":{"start":{"line":30,"column":4},"end":{"line":33,"column":8}},"19":{"start":{"line":30,"column":24},"end":{"line":33,"column":5}},"20":{"start":{"line":36,"column":26},"end":{"line":47,"column":3}},"21":{"start":{"line":37,"column":4},"end":{"line":46,"column":7}},"22":{"start":{"line":38,"column":6},"end":{"line":45,"column":7}},"23":{"start":{"line":39,"column":8},"end":{"line":39,"column":47}},"24":{"start":{"line":41,"column":21},"end":{"line":41,"column":32}},"25":{"start":{"line":42,"column":8},"end":{"line":42,"column":24}},"26":{"start":{"line":43,"column":8},"end":{"line":43,"column":24}},"27":{"start":{"line":44,"column":8},"end":{"line":44,"column":20}},"28":{"start":{"line":50,"column":21},"end":{"line":56,"column":7}},"29":{"start":{"line":51,"column":15},"end":{"line":51,"column":32}},"30":{"start":{"line":53,"column":6},"end":{"line":53,"column":68}},"31":{"start":{"line":54,"column":16},"end":{"line":54,"column":30}},"32":{"start":{"line":55,"column":4},"end":{"line":55,"column":37}},"33":{"start":{"line":58,"column":16},"end":{"line":58,"column":38}},"34":{"start":{"line":60,"column":27},"end":{"line":62,"column":3}},"35":{"start":{"line":61,"column":4},"end":{"line":61,"column":25}},"36":{"start":{"line":64,"column":2},"end":{"line":162,"column":4}},"37":{"start":{"line":82,"column":21},"end":{"line":82,"column":38}},"38":{"start":{"line":83,"column":22},"end":{"line":83,"column":36}},"39":{"start":{"line":85,"column":12},"end":{"line":85,"column":74}},"40":{"start":{"line":87,"column":10},"end":{"line":132,"column":12}},"41":{"start":{"line":112,"column":35},"end":{"line":112,"column":54}},"42":{"start":{"line":120,"column":35},"end":{"line":120,"column":54}}},"fnMap":{"0":{"name":"(anonymous_0)","decl":{"start":{"line":5,"column":13},"end":{"line":5,"column":14}},"loc":{"start":{"line":5,"column":19},"end":{"line":163,"column":1}},"line":5},"1":{"name":"(anonymous_1)","decl":{"start":{"line":6,"column":32},"end":{"line":6,"column":33}},"loc":{"start":{"line":6,"column":43},"end":{"line":6,"column":59}},"line":6},"2":{"name":"(anonymous_2)","decl":{"start":{"line":7,"column":51},"end":{"line":7,"column":52}},"loc":{"start":{"line":7,"column":62},"end":{"line":7,"column":72}},"line":7},"3":{"name":"(anonymous_3)","decl":{"start":{"line":12,"column":12},"end":{"line":12,"column":13}},"loc":{"start":{"line":12,"column":18},"end":{"line":17,"column":3}},"line":12},"4":{"name":"(anonymous_4)","decl":{"start":{"line":20,"column":37},"end":{"line":20,"column":38}},"loc":{"start":{"line":20,"column":43},"end":{"line":27,"column":3}},"line":20},"5":{"name":"(anonymous_5)","decl":{"start":{"line":22,"column":22},"end":{"line":22,"column":23}},"loc":{"start":{"line":22,"column":32},"end":{"line":25,"column":5}},"line":22},"6":{"name":"(anonymous_6)","decl":{"start":{"line":29,"column":26},"end":{"line":29,"column":27}},"loc":{"start":{"line":29,"column":34},"end":{"line":34,"column":3}},"line":29},"7":{"name":"(anonymous_7)","decl":{"start":{"line":30,"column":13},"end":{"line":30,"column":14}},"loc":{"start":{"line":30,"column":24},"end":{"line":33,"column":5}},"line":30},"8":{"name":"(anonymous_8)","decl":{"start":{"line":36,"column":26},"end":{"line":36,"column":27}},"loc":{"start":{"line":36,"column":34},"end":{"line":47,"column":3}},"line":36},"9":{"name":"(anonymous_9)","decl":{"start":{"line":37,"column":13},"end":{"line":37,"column":14}},"loc":{"start":{"line":37,"column":23},"end":{"line":46,"column":5}},"line":37},"10":{"name":"(anonymous_10)","decl":{"start":{"line":50,"column":38},"end":{"line":50,"column":39}},"loc":{"start":{"line":50,"column":53},"end":{"line":56,"column":3}},"line":50},"11":{"name":"(anonymous_11)","decl":{"start":{"line":60,"column":27},"end":{"line":60,"column":28}},"loc":{"start":{"line":60,"column":32},"end":{"line":62,"column":3}},"line":60},"12":{"name":"(anonymous_12)","decl":{"start":{"line":81,"column":23},"end":{"line":81,"column":24}},"loc":{"start":{"line":81,"column":33},"end":{"line":133,"column":9}},"line":81},"13":{"name":"(anonymous_13)","decl":{"start":{"line":112,"column":29},"end":{"line":112,"column":30}},"loc":{"start":{"line":112,"column":35},"end":{"line":112,"column":54}},"line":112},"14":{"name":"(anonymous_14)","decl":{"start":{"line":120,"column":29},"end":{"line":120,"column":30}},"loc":{"start":{"line":120,"column":35},"end":{"line":120,"column":54}},"line":120}},"branchMap":{"0":{"loc":{"start":{"line":13,"column":4},"end":{"line":16,"column":5}},"type":"if","locations":[{"start":{"line":13,"column":4},"end":{"line":16,"column":5}},{"start":{},"end":{}}],"line":13},"1":{"loc":{"start":{"line":32,"column":13},"end":{"line":32,"column":26}},"type":"binary-expr","locations":[{"start":{"line":32,"column":13},"end":{"line":32,"column":21}},{"start":{"line":32,"column":25},"end":{"line":32,"column":26}}],"line":32},"2":{"loc":{"start":{"line":38,"column":6},"end":{"line":45,"column":7}},"type":"if","locations":[{"start":{"line":38,"column":6},"end":{"line":45,"column":7}},{"start":{"line":40,"column":13},"end":{"line":45,"column":7}}],"line":38},"3":{"loc":{"start":{"line":53,"column":6},"end":{"line":53,"column":68}},"type":"binary-expr","locations":[{"start":{"line":53,"column":6},"end":{"line":53,"column":36}},{"start":{"line":53,"column":40},"end":{"line":53,"column":63}},{"start":{"line":53,"column":67},"end":{"line":53,"column":68}}],"line":53},"4":{"loc":{"start":{"line":54,"column":16},"end":{"line":54,"column":30}},"type":"binary-expr","locations":[{"start":{"line":54,"column":16},"end":{"line":54,"column":25}},{"start":{"line":54,"column":29},"end":{"line":54,"column":30}}],"line":54},"5":{"loc":{"start":{"line":68,"column":7},"end":{"line":158,"column":11}},"type":"cond-expr","locations":[{"start":{"line":68,"column":29},"end":{"line":154,"column":12}},{"start":{"line":156,"column":6},"end":{"line":158,"column":11}}],"line":68},"6":{"loc":{"start":{"line":83,"column":22},"end":{"line":83,"column":36}},"type":"binary-expr","locations":[{"start":{"line":83,"column":22},"end":{"line":83,"column":31}},{"start":{"line":83,"column":35},"end":{"line":83,"column":36}}],"line":83},"7":{"loc":{"start":{"line":85,"column":12},"end":{"line":85,"column":74}},"type":"binary-expr","locations":[{"start":{"line":85,"column":12},"end":{"line":85,"column":42}},{"start":{"line":85,"column":46},"end":{"line":85,"column":69}},{"start":{"line":85,"column":73},"end":{"line":85,"column":74}}],"line":85}},"s":{"0":1,"1":9,"2":15,"3":9,"4":15,"5":9,"6":9,"7":9,"8":6,"9":1,"10":1,"11":9,"12":4,"13":4,"14":7,"15":7,"16":4,"17":9,"18":1,"19":1,"20":9,"21":2,"22":2,"23":1,"24":1,"25":1,"26":1,"27":1,"28":9,"29":14,"30":14,"31":14,"32":14,"33":9,"34":9,"35":1,"36":9,"37":14,"38":14,"39":14,"40":14,"41":2,"42":1},"f":{"0":9,"1":15,"2":15,"3":6,"4":4,"5":7,"6":1,"7":1,"8":2,"9":2,"10":14,"11":1,"12":14,"13":2,"14":1},"b":{"0":[1,5],"1":[1,0],"2":[1,1],"3":[14,0,0],"4":[14,1],"5":[8,1],"6":[14,1],"7":[14,0,0]},"_coverageSchema":"1a1c01bbd47fc00a2c39e90264f33305004495a9","hash":"190a6b994ade82a84d667074edc78156b899cc90"}
,"/Users/vaishalimishra/Desktop/Namaste React/EP-13-Testing/src/components/ContactUs.jsx": {"path":"/Users/vaishalimishra/Desktop/Namaste React/EP-13-Testing/src/components/ContactUs.jsx","statementMap":{"0":{"start":{"line":1,"column":18},"end":{"line":24,"column":1}},"1":{"start":{"line":2,"column":4},"end":{"line":23,"column":5}}},"fnMap":{"0":{"name":"(anonymous_0)","decl":{"start":{"line":1,"column":18},"end":{"line":1,"column":19}},"loc":{"start":{"line":1,"column":24},"end":{"line":24,"column":1}},"line":1}},"branchMap":{},"s":{"0":1,"1":3},"f":{"0":3},"b":{},"_coverageSchema":"1a1c01bbd47fc00a2c39e90264f33305004495a9","hash":"034d4394dcb9ff9cd80a31b49f64d398272c88be"}
,"/Users/vaishalimishra/Desktop/Namaste React/EP-13-Testing/src/components/Header.jsx": {"path":"/Users/vaishalimishra/Desktop/Namaste React/EP-13-Testing/src/components/Header.jsx","statementMap":{"0":{"start":{"line":9,"column":15},"end":{"line":45,"column":1}},"1":{"start":{"line":13,"column":34},"end":{"line":13,"column":51}},"2":{"start":{"line":14,"column":36},"end":{"line":14,"column":51}},"3":{"start":{"line":16,"column":25},"end":{"line":16,"column":42}},"4":{"start":{"line":18,"column":22},"end":{"line":18,"column":62}},"5":{"start":{"line":18,"column":44},"end":{"line":18,"column":60}},"6":{"start":{"line":20,"column":4},"end":{"line":44,"column":5}},"7":{"start":{"line":25,"column":78},"end":{"line":25,"column":100}},"8":{"start":{"line":38,"column":116},"end":{"line":38,"column":181}}},"fnMap":{"0":{"name":"(anonymous_0)","decl":{"start":{"line":9,"column":15},"end":{"line":9,"column":16}},"loc":{"start":{"line":9,"column":21},"end":{"line":45,"column":1}},"line":9},"1":{"name":"(anonymous_1)","decl":{"start":{"line":18,"column":34},"end":{"line":18,"column":35}},"loc":{"start":{"line":18,"column":44},"end":{"line":18,"column":60}},"line":18},"2":{"name":"(anonymous_2)","decl":{"start":{"line":25,"column":72},"end":{"line":25,"column":73}},"loc":{"start":{"line":25,"column":78},"end":{"line":25,"column":100}},"line":25},"3":{"name":"(anonymous_3)","decl":{"start":{"line":38,"column":108},"end":{"line":38,"column":109}},"loc":{"start":{"line":38,"column":114},"end":{"line":38,"column":182}},"line":38}},"branchMap":{"0":{"loc":{"start":{"line":29,"column":52},"end":{"line":29,"column":76}},"type":"cond-expr","locations":[{"start":{"line":29,"column":63},"end":{"line":29,"column":65}},{"start":{"line":29,"column":68},"end":{"line":29,"column":76}}],"line":29},"1":{"loc":{"start":{"line":38,"column":116},"end":{"line":38,"column":180}},"type":"cond-expr","locations":[{"start":{"line":38,"column":138},"end":{"line":38,"column":158}},{"start":{"line":38,"column":161},"end":{"line":38,"column":180}}],"line":38}},"s":{"0":2,"1":12,"2":12,"3":12,"4":12,"5":23,"6":12,"7":0,"8":1},"f":{"0":12,"1":23,"2":0,"3":1},"b":{"0":[0,12],"1":[1,0]},"_coverageSchema":"1a1c01bbd47fc00a2c39e90264f33305004495a9","hash":"0d076ccd8786fc04b5216a51a53448caf4d35097"}
,"/Users/vaishalimishra/Desktop/Namaste React/EP-13-Testing/src/components/RestaurantCard.jsx": {"path":"/Users/vaishalimishra/Desktop/Namaste React/EP-13-Testing/src/components/RestaurantCard.jsx","statementMap":{"0":{"start":{"line":3,"column":22},"end":{"line":24,"column":1}},"1":{"start":{"line":6,"column":82},"end":{"line":6,"column":92}},"2":{"start":{"line":8,"column":4},"end":{"line":23,"column":5}},"3":{"start":{"line":27,"column":33},"end":{"line":36,"column":1}},"4":{"start":{"line":28,"column":4},"end":{"line":35,"column":5}},"5":{"start":{"line":29,"column":8},"end":{"line":34,"column":9}}},"fnMap":{"0":{"name":"(anonymous_0)","decl":{"start":{"line":3,"column":22},"end":{"line":3,"column":23}},"loc":{"start":{"line":3,"column":34},"end":{"line":24,"column":1}},"line":3},"1":{"name":"(anonymous_1)","decl":{"start":{"line":27,"column":33},"end":{"line":27,"column":34}},"loc":{"start":{"line":27,"column":52},"end":{"line":36,"column":1}},"line":27},"2":{"name":"(anonymous_2)","decl":{"start":{"line":28,"column":11},"end":{"line":28,"column":12}},"loc":{"start":{"line":28,"column":22},"end":{"line":35,"column":5}},"line":28}},"branchMap":{"0":{"loc":{"start":{"line":19,"column":53},"end":{"line":19,"column":142}},"type":"cond-expr","locations":[{"start":{"line":19,"column":84},"end":{"line":19,"column":121}},{"start":{"line":19,"column":124},"end":{"line":19,"column":142}}],"line":19}},"s":{"0":2,"1":78,"2":78,"3":2,"4":9,"5":39},"f":{"0":78,"1":9,"2":39},"b":{"0":[26,52]},"_coverageSchema":"1a1c01bbd47fc00a2c39e90264f33305004495a9","hash":"ebfda5b7f5ae2d8fdedecdc1625c2be39bca472b"}
,"/Users/vaishalimishra/Desktop/Namaste React/EP-13-Testing/src/components/RestaurantMenuItems.jsx": {"path":"/Users/vaishalimishra/Desktop/Namaste React/EP-13-Testing/src/components/RestaurantMenuItems.jsx","statementMap":{"0":{"start":{"line":8,"column":28},"end":{"line":154,"column":1}},"1":{"start":{"line":10,"column":38},"end":{"line":12,"column":6}},"2":{"start":{"line":11,"column":8},"end":{"line":11,"column":68}},"3":{"start":{"line":11,"column":58},"end":{"line":11,"column":61}},"4":{"start":{"line":13,"column":44},"end":{"line":24,"column":6}},"5":{"start":{"line":14,"column":32},"end":{"line":14,"column":34}},"6":{"start":{"line":15,"column":8},"end":{"line":22,"column":9}},"7":{"start":{"line":16,"column":12},"end":{"line":21,"column":15}},"8":{"start":{"line":17,"column":29},"end":{"line":17,"column":60}},"9":{"start":{"line":18,"column":16},"end":{"line":20,"column":17}},"10":{"start":{"line":19,"column":20},"end":{"line":19,"column":75}},"11":{"start":{"line":19,"column":67},"end":{"line":19,"column":73}},"12":{"start":{"line":23,"column":8},"end":{"line":23,"column":31}},"13":{"start":{"line":26,"column":38},"end":{"line":26,"column":52}},"14":{"start":{"line":29,"column":24},"end":{"line":41,"column":5}},"15":{"start":{"line":30,"column":8},"end":{"line":33,"column":11}},"16":{"start":{"line":31,"column":12},"end":{"line":31,"column":30}},"17":{"start":{"line":32,"column":12},"end":{"line":32,"column":85}},"18":{"start":{"line":32,"column":57},"end":{"line":32,"column":66}},"19":{"start":{"line":34,"column":8},"end":{"line":40,"column":11}},"20":{"start":{"line":35,"column":12},"end":{"line":35,"column":30}},"21":{"start":{"line":36,"column":29},"end":{"line":36,"column":40}},"22":{"start":{"line":37,"column":12},"end":{"line":37,"column":48}},"23":{"start":{"line":37,"column":27},"end":{"line":37,"column":48}},"24":{"start":{"line":38,"column":12},"end":{"line":38,"column":34}},"25":{"start":{"line":39,"column":12},"end":{"line":39,"column":28}},"26":{"start":{"line":43,"column":32},"end":{"line":54,"column":5}},"27":{"start":{"line":44,"column":8},"end":{"line":53,"column":11}},"28":{"start":{"line":45,"column":12},"end":{"line":45,"column":30}},"29":{"start":{"line":46,"column":28},"end":{"line":46,"column":47}},"30":{"start":{"line":47,"column":12},"end":{"line":52,"column":14}},"31":{"start":{"line":50,"column":42},"end":{"line":50,"column":54}},"32":{"start":{"line":56,"column":25},"end":{"line":59,"column":5}},"33":{"start":{"line":57,"column":8},"end":{"line":57,"column":27}},"34":{"start":{"line":58,"column":8},"end":{"line":58,"column":54}},"35":{"start":{"line":58,"column":29},"end":{"line":58,"column":52}},"36":{"start":{"line":61,"column":28},"end":{"line":65,"column":5}},"37":{"start":{"line":62,"column":8},"end":{"line":62,"column":27}},"38":{"start":{"line":63,"column":8},"end":{"line":63,"column":54}},"39":{"start":{"line":63,"column":29},"end":{"line":63,"column":52}},"40":{"start":{"line":67,"column":21},"end":{"line":67,"column":34}},"41":{"start":{"line":69,"column":26},"end":{"line":83,"column":5}},"42":{"start":{"line":70,"column":8},"end":{"line":70,"column":12}},"43":{"start":{"line":72,"column":8},"end":{"line":72,"column":32}},"44":{"start":{"line":73,"column":8},"end":{"line":82,"column":11}},"45":{"start":{"line":85,"column":4},"end":{"line":153,"column":6}},"46":{"start":{"line":89,"column":16},"end":{"line":150,"column":22}},"47":{"start":{"line":90,"column":95},"end":{"line":90,"column":111}},"48":{"start":{"line":96,"column":35},"end":{"line":96,"column":64}},"49":{"start":{"line":97,"column":42},"end":{"line":97,"column":46}},"50":{"start":{"line":98,"column":24},"end":{"line":100,"column":25}},"51":{"start":{"line":99,"column":28},"end":{"line":99,"column":99}},"52":{"start":{"line":101,"column":24},"end":{"line":116,"column":26}},"53":{"start":{"line":108,"column":133},"end":{"line":108,"column":186}},"54":{"start":{"line":109,"column":133},"end":{"line":109,"column":186}},"55":{"start":{"line":113,"column":205},"end":{"line":113,"column":224}},"56":{"start":{"line":120,"column":28},"end":{"line":148,"column":34}},"57":{"start":{"line":121,"column":107},"end":{"line":121,"column":139}},"58":{"start":{"line":127,"column":47},"end":{"line":127,"column":76}},"59":{"start":{"line":128,"column":54},"end":{"line":128,"column":58}},"60":{"start":{"line":129,"column":36},"end":{"line":131,"column":37}},"61":{"start":{"line":130,"column":40},"end":{"line":130,"column":111}},"62":{"start":{"line":132,"column":36},"end":{"line":146,"column":38}},"63":{"start":{"line":138,"column":165},"end":{"line":138,"column":221}},"64":{"start":{"line":138,"column":315},"end":{"line":138,"column":371}},"65":{"start":{"line":142,"column":219},"end":{"line":142,"column":238}}},"fnMap":{"0":{"name":"(anonymous_0)","decl":{"start":{"line":8,"column":28},"end":{"line":8,"column":29}},"loc":{"start":{"line":8,"column":42},"end":{"line":154,"column":1}},"line":8},"1":{"name":"(anonymous_1)","decl":{"start":{"line":10,"column":47},"end":{"line":10,"column":48}},"loc":{"start":{"line":10,"column":53},"end":{"line":12,"column":5}},"line":10},"2":{"name":"(anonymous_2)","decl":{"start":{"line":11,"column":46},"end":{"line":11,"column":47}},"loc":{"start":{"line":11,"column":58},"end":{"line":11,"column":61}},"line":11},"3":{"name":"(anonymous_3)","decl":{"start":{"line":13,"column":53},"end":{"line":13,"column":54}},"loc":{"start":{"line":13,"column":59},"end":{"line":24,"column":5}},"line":13},"4":{"name":"(anonymous_4)","decl":{"start":{"line":16,"column":25},"end":{"line":16,"column":26}},"loc":{"start":{"line":16,"column":43},"end":{"line":21,"column":13}},"line":16},"5":{"name":"(anonymous_5)","decl":{"start":{"line":19,"column":52},"end":{"line":19,"column":53}},"loc":{"start":{"line":19,"column":67},"end":{"line":19,"column":73}},"line":19},"6":{"name":"(anonymous_6)","decl":{"start":{"line":29,"column":24},"end":{"line":29,"column":25}},"loc":{"start":{"line":29,"column":33},"end":{"line":41,"column":5}},"line":29},"7":{"name":"(anonymous_7)","decl":{"start":{"line":30,"column":21},"end":{"line":30,"column":22}},"loc":{"start":{"line":30,"column":29},"end":{"line":33,"column":9}},"line":30},"8":{"name":"(anonymous_8)","decl":{"start":{"line":32,"column":52},"end":{"line":32,"column":53}},"loc":{"start":{"line":32,"column":57},"end":{"line":32,"column":66}},"line":32},"9":{"name":"(anonymous_9)","decl":{"start":{"line":34,"column":24},"end":{"line":34,"column":25}},"loc":{"start":{"line":34,"column":32},"end":{"line":40,"column":9}},"line":34},"10":{"name":"(anonymous_10)","decl":{"start":{"line":43,"column":32},"end":{"line":43,"column":33}},"loc":{"start":{"line":43,"column":53},"end":{"line":54,"column":5}},"line":43},"11":{"name":"(anonymous_11)","decl":{"start":{"line":44,"column":24},"end":{"line":44,"column":25}},"loc":{"start":{"line":44,"column":32},"end":{"line":53,"column":9}},"line":44},"12":{"name":"(anonymous_12)","decl":{"start":{"line":50,"column":37},"end":{"line":50,"column":38}},"loc":{"start":{"line":50,"column":42},"end":{"line":50,"column":54}},"line":50},"13":{"name":"(anonymous_13)","decl":{"start":{"line":56,"column":25},"end":{"line":56,"column":26}},"loc":{"start":{"line":56,"column":52},"end":{"line":59,"column":5}},"line":56},"14":{"name":"(anonymous_14)","decl":{"start":{"line":58,"column":21},"end":{"line":58,"column":22}},"loc":{"start":{"line":58,"column":29},"end":{"line":58,"column":52}},"line":58},"15":{"name":"(anonymous_15)","decl":{"start":{"line":61,"column":28},"end":{"line":61,"column":29}},"loc":{"start":{"line":61,"column":55},"end":{"line":65,"column":5}},"line":61},"16":{"name":"(anonymous_16)","decl":{"start":{"line":63,"column":21},"end":{"line":63,"column":22}},"loc":{"start":{"line":63,"column":29},"end":{"line":63,"column":52}},"line":63},"17":{"name":"(anonymous_17)","decl":{"start":{"line":69,"column":26},"end":{"line":69,"column":27}},"loc":{"start":{"line":69,"column":36},"end":{"line":83,"column":5}},"line":69},"18":{"name":"(anonymous_18)","decl":{"start":{"line":88,"column":22},"end":{"line":88,"column":23}},"loc":{"start":{"line":89,"column":16},"end":{"line":150,"column":22}},"line":89},"19":{"name":"(anonymous_19)","decl":{"start":{"line":90,"column":89},"end":{"line":90,"column":90}},"loc":{"start":{"line":90,"column":95},"end":{"line":90,"column":111}},"line":90},"20":{"name":"(anonymous_20)","decl":{"start":{"line":95,"column":112},"end":{"line":95,"column":113}},"loc":{"start":{"line":95,"column":125},"end":{"line":117,"column":21}},"line":95},"21":{"name":"(anonymous_21)","decl":{"start":{"line":108,"column":125},"end":{"line":108,"column":126}},"loc":{"start":{"line":108,"column":131},"end":{"line":108,"column":188}},"line":108},"22":{"name":"(anonymous_22)","decl":{"start":{"line":109,"column":125},"end":{"line":109,"column":126}},"loc":{"start":{"line":109,"column":131},"end":{"line":109,"column":188}},"line":109},"23":{"name":"(anonymous_23)","decl":{"start":{"line":113,"column":199},"end":{"line":113,"column":200}},"loc":{"start":{"line":113,"column":205},"end":{"line":113,"column":224}},"line":113},"24":{"name":"(anonymous_24)","decl":{"start":{"line":119,"column":133},"end":{"line":119,"column":134}},"loc":{"start":{"line":120,"column":28},"end":{"line":148,"column":34}},"line":120},"25":{"name":"(anonymous_25)","decl":{"start":{"line":121,"column":101},"end":{"line":121,"column":102}},"loc":{"start":{"line":121,"column":107},"end":{"line":121,"column":139}},"line":121},"26":{"name":"(anonymous_26)","decl":{"start":{"line":126,"column":132},"end":{"line":126,"column":133}},"loc":{"start":{"line":126,"column":145},"end":{"line":147,"column":33}},"line":126},"27":{"name":"(anonymous_27)","decl":{"start":{"line":138,"column":159},"end":{"line":138,"column":160}},"loc":{"start":{"line":138,"column":165},"end":{"line":138,"column":221}},"line":138},"28":{"name":"(anonymous_28)","decl":{"start":{"line":138,"column":309},"end":{"line":138,"column":310}},"loc":{"start":{"line":138,"column":315},"end":{"line":138,"column":371}},"line":138},"29":{"name":"(anonymous_29)","decl":{"start":{"line":142,"column":211},"end":{"line":142,"column":212}},"loc":{"start":{"line":142,"column":217},"end":{"line":142,"column":240}},"line":142}},"branchMap":{"0":{"loc":{"start":{"line":11,"column":15},"end":{"line":11,"column":67}},"type":"cond-expr","locations":[{"start":{"line":11,"column":37},"end":{"line":11,"column":62}},{"start":{"line":11,"column":65},"end":{"line":11,"column":67}}],"line":11},"1":{"loc":{"start":{"line":15,"column":8},"end":{"line":22,"column":9}},"type":"if","locations":[{"start":{"line":15,"column":8},"end":{"line":22,"column":9}},{"start":{},"end":{}}],"line":15},"2":{"loc":{"start":{"line":18,"column":16},"end":{"line":20,"column":17}},"type":"if","locations":[{"start":{"line":18,"column":16},"end":{"line":20,"column":17}},{"start":{},"end":{}}],"line":18},"3":{"loc":{"start":{"line":18,"column":20},"end":{"line":18,"column":58}},"type":"binary-expr","locations":[{"start":{"line":18,"column":20},"end":{"line":18,"column":39}},{"start":{"line":18,"column":43},"end":{"line":18,"column":58}}],"line":18},"4":{"loc":{"start":{"line":32,"column":19},"end":{"line":32,"column":84}},"type":"cond-expr","locations":[{"start":{"line":32,"column":40},"end":{"line":32,"column":67}},{"start":{"line":32,"column":70},"end":{"line":32,"column":84}}],"line":32},"5":{"loc":{"start":{"line":37,"column":12},"end":{"line":37,"column":48}},"type":"if","locations":[{"start":{"line":37,"column":12},"end":{"line":37,"column":48}},{"start":{},"end":{}}],"line":37},"6":{"loc":{"start":{"line":46,"column":28},"end":{"line":46,"column":47}},"type":"binary-expr","locations":[{"start":{"line":46,"column":28},"end":{"line":46,"column":41}},{"start":{"line":46,"column":45},"end":{"line":46,"column":47}}],"line":46},"7":{"loc":{"start":{"line":49,"column":27},"end":{"line":51,"column":42}},"type":"cond-expr","locations":[{"start":{"line":50,"column":22},"end":{"line":50,"column":55}},{"start":{"line":51,"column":22},"end":{"line":51,"column":42}}],"line":49},"8":{"loc":{"start":{"line":58,"column":29},"end":{"line":58,"column":52}},"type":"cond-expr","locations":[{"start":{"line":58,"column":43},"end":{"line":58,"column":47}},{"start":{"line":58,"column":50},"end":{"line":58,"column":52}}],"line":58},"9":{"loc":{"start":{"line":63,"column":29},"end":{"line":63,"column":52}},"type":"cond-expr","locations":[{"start":{"line":63,"column":43},"end":{"line":63,"column":47}},{"start":{"line":63,"column":50},"end":{"line":63,"column":52}}],"line":63},"10":{"loc":{"start":{"line":89,"column":65},"end":{"line":89,"column":100}},"type":"binary-expr","locations":[{"start":{"line":89,"column":65},"end":{"line":89,"column":93}},{"start":{"line":89,"column":97},"end":{"line":89,"column":100}}],"line":89},"11":{"loc":{"start":{"line":95,"column":21},"end":{"line":149,"column":26}},"type":"cond-expr","locations":[{"start":{"line":95,"column":80},"end":{"line":117,"column":22}},{"start":{"line":119,"column":24},"end":{"line":149,"column":26}}],"line":95},"12":{"loc":{"start":{"line":95,"column":22},"end":{"line":95,"column":76}},"type":"binary-expr","locations":[{"start":{"line":95,"column":22},"end":{"line":95,"column":45}},{"start":{"line":95,"column":49},"end":{"line":95,"column":76}}],"line":95},"13":{"loc":{"start":{"line":98,"column":24},"end":{"line":100,"column":25}},"type":"if","locations":[{"start":{"line":98,"column":24},"end":{"line":100,"column":25}},{"start":{},"end":{}}],"line":98},"14":{"loc":{"start":{"line":98,"column":28},"end":{"line":98,"column":53}},"type":"binary-expr","locations":[{"start":{"line":98,"column":28},"end":{"line":98,"column":32}},{"start":{"line":98,"column":36},"end":{"line":98,"column":53}}],"line":98},"15":{"loc":{"start":{"line":102,"column":122},"end":{"line":102,"column":147}},"type":"binary-expr","locations":[{"start":{"line":102,"column":122},"end":{"line":102,"column":142}},{"start":{"line":102,"column":146},"end":{"line":102,"column":147}}],"line":102},"16":{"loc":{"start":{"line":105,"column":71},"end":{"line":105,"column":188}},"type":"cond-expr","locations":[{"start":{"line":105,"column":104},"end":{"line":105,"column":148}},{"start":{"line":105,"column":151},"end":{"line":105,"column":188}}],"line":105},"17":{"loc":{"start":{"line":106,"column":97},"end":{"line":106,"column":155}},"type":"binary-expr","locations":[{"start":{"line":106,"column":97},"end":{"line":106,"column":148}},{"start":{"line":106,"column":152},"end":{"line":106,"column":155}}],"line":106},"18":{"loc":{"start":{"line":106,"column":160},"end":{"line":106,"column":225}},"type":"binary-expr","locations":[{"start":{"line":106,"column":160},"end":{"line":106,"column":218}},{"start":{"line":106,"column":222},"end":{"line":106,"column":225}}],"line":106},"19":{"loc":{"start":{"line":107,"column":37},"end":{"line":109,"column":207}},"type":"cond-expr","locations":[{"start":{"line":108,"column":40},"end":{"line":108,"column":200}},{"start":{"line":109,"column":40},"end":{"line":109,"column":207}}],"line":107},"20":{"loc":{"start":{"line":119,"column":24},"end":{"line":149,"column":26}},"type":"binary-expr","locations":[{"start":{"line":119,"column":25},"end":{"line":119,"column":48}},{"start":{"line":119,"column":52},"end":{"line":119,"column":95}},{"start":{"line":119,"column":100},"end":{"line":149,"column":26}}],"line":119},"21":{"loc":{"start":{"line":120,"column":38},"end":{"line":120,"column":59}},"type":"binary-expr","locations":[{"start":{"line":120,"column":38},"end":{"line":120,"column":49}},{"start":{"line":120,"column":53},"end":{"line":120,"column":59}}],"line":120},"22":{"loc":{"start":{"line":126,"column":33},"end":{"line":147,"column":34}},"type":"binary-expr","locations":[{"start":{"line":126,"column":33},"end":{"line":126,"column":68}},{"start":{"line":126,"column":72},"end":{"line":126,"column":105}},{"start":{"line":126,"column":109},"end":{"line":147,"column":34}}],"line":126},"23":{"loc":{"start":{"line":129,"column":36},"end":{"line":131,"column":37}},"type":"if","locations":[{"start":{"line":129,"column":36},"end":{"line":131,"column":37}},{"start":{},"end":{}}],"line":129},"24":{"loc":{"start":{"line":129,"column":40},"end":{"line":129,"column":65}},"type":"binary-expr","locations":[{"start":{"line":129,"column":40},"end":{"line":129,"column":44}},{"start":{"line":129,"column":48},"end":{"line":129,"column":65}}],"line":129},"25":{"loc":{"start":{"line":133,"column":50},"end":{"line":133,"column":75}},"type":"binary-expr","locations":[{"start":{"line":133,"column":50},"end":{"line":133,"column":70}},{"start":{"line":133,"column":74},"end":{"line":133,"column":75}}],"line":133},"26":{"loc":{"start":{"line":136,"column":83},"end":{"line":136,"column":200}},"type":"cond-expr","locations":[{"start":{"line":136,"column":116},"end":{"line":136,"column":160}},{"start":{"line":136,"column":163},"end":{"line":136,"column":200}}],"line":136},"27":{"loc":{"start":{"line":137,"column":109},"end":{"line":137,"column":167}},"type":"binary-expr","locations":[{"start":{"line":137,"column":109},"end":{"line":137,"column":160}},{"start":{"line":137,"column":164},"end":{"line":137,"column":167}}],"line":137},"28":{"loc":{"start":{"line":137,"column":172},"end":{"line":137,"column":237}},"type":"binary-expr","locations":[{"start":{"line":137,"column":172},"end":{"line":137,"column":230}},{"start":{"line":137,"column":234},"end":{"line":137,"column":237}}],"line":137},"29":{"loc":{"start":{"line":138,"column":49},"end":{"line":138,"column":390}},"type":"cond-expr","locations":[{"start":{"line":138,"column":86},"end":{"line":138,"column":233}},{"start":{"line":138,"column":236},"end":{"line":138,"column":390}}],"line":138}},"s":{"0":1,"1":8,"2":6,"3":96,"4":8,"5":6,"6":6,"7":6,"8":96,"9":96,"10":30,"11":78,"12":6,"13":8,"14":8,"15":1,"16":1,"17":1,"18":16,"19":1,"20":1,"21":1,"22":1,"23":0,"24":1,"25":1,"26":8,"27":0,"28":0,"29":0,"30":0,"31":0,"32":8,"33":1,"34":1,"35":1,"36":8,"37":0,"38":0,"39":0,"40":8,"41":8,"42":2,"43":2,"44":2,"45":8,"46":128,"47":1,"48":932,"49":932,"50":932,"51":852,"52":932,"53":0,"54":1,"55":2,"56":104,"57":0,"58":344,"59":344,"60":344,"61":240,"62":344,"63":0,"64":0,"65":0},"f":{"0":8,"1":6,"2":96,"3":6,"4":96,"5":78,"6":1,"7":1,"8":16,"9":1,"10":0,"11":0,"12":0,"13":1,"14":1,"15":0,"16":0,"17":2,"18":128,"19":1,"20":932,"21":0,"22":1,"23":2,"24":104,"25":0,"26":344,"27":0,"28":0,"29":0},"b":{"0":[6,0],"1":[6,0],"2":[30,66],"3":[96,30],"4":[1,0],"5":[0,1],"6":[0,0],"7":[0,0],"8":[0,1],"9":[0,0],"10":[128,0],"11":[87,41],"12":[128,127],"13":[852,80],"14":[932,932],"15":[932,0],"16":[625,307],"17":[932,296],"18":[932,296],"19":[2,930],"20":[41,40,40],"21":[104,104],"22":[104,104,104],"23":[240,104],"24":[344,344],"25":[344,0],"26":[240,104],"27":[344,104],"28":[344,104],"29":[0,344]},"_coverageSchema":"1a1c01bbd47fc00a2c39e90264f33305004495a9","hash":"16999cb5613cf9324d5d1ce46528f5cf744866ab"}
,"/Users/vaishalimishra/Desktop/Namaste React/EP-13-Testing/src/components/Sum.jsx": {"path":"/Users/vaishalimishra/Desktop/Namaste React/EP-13-Testing/src/components/Sum.jsx","statementMap":{"0":{"start":{"line":1,"column":19},"end":{"line":3,"column":1}},"1":{"start":{"line":2,"column":4},"end":{"line":2,"column":15}}},"fnMap":{"0":{"name":"(anonymous_0)","decl":{"start":{"line":1,"column":19},"end":{"line":1,"column":20}},"loc":{"start":{"line":1,"column":27},"end":{"line":3,"column":1}},"line":1}},"branchMap":{},"s":{"0":1,"1":1},"f":{"0":1},"b":{},"_coverageSchema":"1a1c01bbd47fc00a2c39e90264f33305004495a9","hash":"0cb66b41eb49c50f67e07041feec1f54253c213d"}
,"/Users/vaishalimishra/Desktop/Namaste React/EP-13-Testing/src/components/shimmer.jsx": {"path":"/Users/vaishalimishra/Desktop/Namaste React/EP-13-Testing/src/components/shimmer.jsx","statementMap":{"0":{"start":{"line":1,"column":16},"end":{"line":9,"column":1}},"1":{"start":{"line":2,"column":4},"end":{"line":8,"column":5}},"2":{"start":{"line":5,"column":16},"end":{"line":5,"column":129}}},"fnMap":{"0":{"name":"(anonymous_0)","decl":{"start":{"line":1,"column":16},"end":{"line":1,"column":17}},"loc":{"start":{"line":1,"column":22},"end":{"line":9,"column":1}},"line":1},"1":{"name":"(anonymous_1)","decl":{"start":{"line":4,"column":32},"end":{"line":4,"column":33}},"loc":{"start":{"line":5,"column":16},"end":{"line":5,"column":129}},"line":5}},"branchMap":{},"s":{"0":1,"1":3,"2":48},"f":{"0":3,"1":48},"b":{},"_coverageSchema":"1a1c01bbd47fc00a2c39e90264f33305004495a9","hash":"79f462882b4b03a364daa4f43fdebbb006907843"}
,"/Users/vaishalimishra/Desktop/Namaste React/EP-13-Testing/src/utils/AppStore.jsx": {"path":"/Users/vaishalimishra/Desktop/Namaste React/EP-13-Testing/src/utils/AppStore.jsx","statementMap":{"0":{"start":{"line":5,"column":17},"end":{"line":9,"column":2}}},"fnMap":{},"branchMap":{},"s":{"0":2},"f":{},"b":{},"_coverageSchema":"1a1c01bbd47fc00a2c39e90264f33305004495a9","hash":"1ae8d56076b6a87e2667d479c6309754beff8bbb"}
,"/Users/vaishalimishra/Desktop/Namaste React/EP-13-Testing/src/utils/CartSlice.jsx": {"path":"/Users/vaishalimishra/Desktop/Namaste React/EP-13-Testing/src/utils/CartSlice.jsx","statementMap":{"0":{"start":{"line":3,"column":18},"end":{"line":32,"column":2}},"1":{"start":{"line":14,"column":12},"end":{"line":14,"column":45}},"2":{"start":{"line":17,"column":23},"end":{"line":17,"column":37}},"3":{"start":{"line":18,"column":12},"end":{"line":18,"column":81}},"4":{"start":{"line":18,"column":53},"end":{"line":18,"column":80}},"5":{"start":{"line":23,"column":12},"end":{"line":23,"column":30}},"6":{"start":{"line":26,"column":58},"end":{"line":26,"column":72}},"7":{"start":{"line":27,"column":12},"end":{"line":27,"column":46}},"8":{"start":{"line":28,"column":12},"end":{"line":28,"column":31}},"9":{"start":{"line":29,"column":12},"end":{"line":29,"column":38}},"10":{"start":{"line":34,"column":20},"end":{"line":34,"column":37}},"11":{"start":{"line":36,"column":60},"end":{"line":36,"column":77}}},"fnMap":{"0":{"name":"(anonymous_0)","decl":{"start":{"line":12,"column":17},"end":{"line":12,"column":18}},"loc":{"start":{"line":12,"column":36},"end":{"line":15,"column":9}},"line":12},"1":{"name":"(anonymous_1)","decl":{"start":{"line":16,"column":20},"end":{"line":16,"column":21}},"loc":{"start":{"line":16,"column":39},"end":{"line":19,"column":9}},"line":16},"2":{"name":"(anonymous_2)","decl":{"start":{"line":18,"column":45},"end":{"line":18,"column":46}},"loc":{"start":{"line":18,"column":53},"end":{"line":18,"column":80}},"line":18},"3":{"name":"(anonymous_3)","decl":{"start":{"line":20,"column":19},"end":{"line":20,"column":20}},"loc":{"start":{"line":20,"column":30},"end":{"line":24,"column":9}},"line":20},"4":{"name":"(anonymous_4)","decl":{"start":{"line":25,"column":18},"end":{"line":25,"column":19}},"loc":{"start":{"line":25,"column":37},"end":{"line":30,"column":9}},"line":25}},"branchMap":{},"s":{"0":2,"1":2,"2":1,"3":1,"4":2,"5":1,"6":0,"7":0,"8":0,"9":0,"10":2,"11":2},"f":{"0":2,"1":1,"2":2,"3":1,"4":0},"b":{},"_coverageSchema":"1a1c01bbd47fc00a2c39e90264f33305004495a9","hash":"a6c724fe4b17f4c6a2b2c1ce2f94f0071ac308a4"}
,"/Users/vaishalimishra/Desktop/Namaste React/EP-13-Testing/src/utils/constants.js": {"path":"/Users/vaishalimishra/Desktop/Namaste React/EP-13-Testing/src/utils/constants.js","statementMap":{"0":{"start":{"line":1,"column":23},"end":{"line":1,"column":106}},"1":{"start":{"line":3,"column":24},"end":{"line":3,"column":121}},"2":{"start":{"line":5,"column":24},"end":{"line":5,"column":189}}},"fnMap":{},"branchMap":{},"s":{"0":4,"1":4,"2":4},"f":{},"b":{},"_coverageSchema":"1a1c01bbd47fc00a2c39e90264f33305004495a9","hash":"2431132b331ae5bb8eb38747a29c30f2d769e038"}
,"/Users/vaishalimishra/Desktop/Namaste React/EP-13-Testing/src/utils/useOnlineStatus.jsx": {"path":"/Users/vaishalimishra/Desktop/Namaste React/EP-13-Testing/src/utils/useOnlineStatus.jsx","statementMap":{"0":{"start":{"line":3,"column":24},"end":{"line":17,"column":1}},"1":{"start":{"line":4,"column":43},"end":{"line":4,"column":57}},"2":{"start":{"line":6,"column":4},"end":{"line":14,"column":11}},"3":{"start":{"line":7,"column":8},"end":{"line":9,"column":11}},"4":{"start":{"line":8,"column":12},"end":{"line":8,"column":34}},"5":{"start":{"line":11,"column":8},"end":{"line":13,"column":10}},"6":{"start":{"line":12,"column":12},"end":{"line":12,"column":35}},"7":{"start":{"line":16,"column":4},"end":{"line":16,"column":24}}},"fnMap":{"0":{"name":"(anonymous_0)","decl":{"start":{"line":3,"column":24},"end":{"line":3,"column":25}},"loc":{"start":{"line":3,"column":30},"end":{"line":17,"column":1}},"line":3},"1":{"name":"(anonymous_1)","decl":{"start":{"line":6,"column":14},"end":{"line":6,"column":15}},"loc":{"start":{"line":6,"column":20},"end":{"line":14,"column":5}},"line":6},"2":{"name":"(anonymous_2)","decl":{"start":{"line":7,"column":42},"end":{"line":7,"column":43}},"loc":{"start":{"line":7,"column":48},"end":{"line":9,"column":9}},"line":7},"3":{"name":"(anonymous_3)","decl":{"start":{"line":11,"column":42},"end":{"line":11,"column":43}},"loc":{"start":{"line":11,"column":48},"end":{"line":13,"column":9}},"line":11}},"branchMap":{},"s":{"0":3,"1":20,"2":20,"3":11,"4":0,"5":11,"6":0,"7":20},"f":{"0":20,"1":11,"2":0,"3":0},"b":{},"_coverageSchema":"1a1c01bbd47fc00a2c39e90264f33305004495a9","hash":"af5c70ae3d6aa6c3cdc7dc367387707fe293a2a1"}
}
