TN:
SF:src/components/Body.jsx
FN:8,(anonymous_0)
FN:14,(anonymous_1)
FN:20,(anonymous_2)
FN:28,(anonymous_3)
FN:52,(anonymous_4)
FN:53,(anonymous_5)
FN:57,(anonymous_6)
FN:58,(anonymous_7)
FN:64,(anonymous_8)
FNF:9
FNH:9
FNDA:8,(anonymous_0)
FNDA:3,(anonymous_1)
FNDA:3,(anonymous_2)
FNDA:60,(anonymous_3)
FNDA:1,(anonymous_4)
FNDA:20,(anonymous_5)
FNDA:1,(anonymous_6)
FNDA:20,(anonymous_7)
FNDA:76,(anonymous_8)
DA:8,1
DA:10,8
DA:11,8
DA:14,8
DA:16,3
DA:19,8
DA:20,8
DA:21,3
DA:22,3
DA:24,3
DA:27,3
DA:28,60
DA:29,3
DA:30,3
DA:32,0
DA:41,8
DA:43,8
DA:45,8
DA:46,0
DA:48,8
DA:53,20
DA:54,1
DA:58,20
DA:59,1
DA:64,76
LF:25
LH:23
BRDA:28,0,0,30
BRDA:28,0,1,30
BRDA:45,1,0,0
BRDA:45,1,1,8
BRDA:48,2,0,3
BRDA:48,2,1,5
BRDA:48,3,0,8
BRDA:48,3,1,8
BRDA:53,4,0,1
BRDA:53,4,1,0
BRDA:58,5,0,1
BRDA:58,5,1,0
BRDA:64,6,0,5
BRDA:64,6,1,0
BRDA:64,7,0,38
BRDA:64,7,1,38
BRF:16
BRH:12
end_of_record
TN:
SF:src/components/Cart.jsx
FN:5,(anonymous_0)
FN:6,(anonymous_1)
FN:7,(anonymous_2)
FN:12,(anonymous_3)
FN:20,(anonymous_4)
FN:22,(anonymous_5)
FN:29,(anonymous_6)
FN:30,(anonymous_7)
FN:36,(anonymous_8)
FN:37,(anonymous_9)
FN:50,(anonymous_10)
FN:60,(anonymous_11)
FN:81,(anonymous_12)
FN:112,(anonymous_13)
FN:120,(anonymous_14)
FNF:15
FNH:15
FNDA:9,(anonymous_0)
FNDA:15,(anonymous_1)
FNDA:15,(anonymous_2)
FNDA:6,(anonymous_3)
FNDA:4,(anonymous_4)
FNDA:7,(anonymous_5)
FNDA:1,(anonymous_6)
FNDA:1,(anonymous_7)
FNDA:2,(anonymous_8)
FNDA:2,(anonymous_9)
FNDA:14,(anonymous_10)
FNDA:1,(anonymous_11)
FNDA:14,(anonymous_12)
FNDA:2,(anonymous_13)
FNDA:1,(anonymous_14)
DA:5,1
DA:6,15
DA:7,15
DA:8,9
DA:9,9
DA:12,9
DA:13,6
DA:14,1
DA:15,1
DA:20,9
DA:21,4
DA:22,4
DA:23,7
DA:24,7
DA:26,4
DA:29,9
DA:30,1
DA:36,9
DA:37,2
DA:38,2
DA:39,1
DA:41,1
DA:42,1
DA:43,1
DA:44,1
DA:50,9
DA:51,14
DA:53,14
DA:54,14
DA:55,14
DA:58,9
DA:60,9
DA:61,1
DA:64,9
DA:82,14
DA:83,14
DA:85,14
DA:87,14
DA:112,2
DA:120,1
LF:40
LH:40
BRDA:13,0,0,1
BRDA:13,0,1,5
BRDA:32,1,0,1
BRDA:32,1,1,0
BRDA:38,2,0,1
BRDA:38,2,1,1
BRDA:53,3,0,14
BRDA:53,3,1,0
BRDA:53,3,2,0
BRDA:54,4,0,14
BRDA:54,4,1,1
BRDA:68,5,0,8
BRDA:68,5,1,1
BRDA:83,6,0,14
BRDA:83,6,1,1
BRDA:85,7,0,14
BRDA:85,7,1,0
BRDA:85,7,2,0
BRF:18
BRH:13
end_of_record
TN:
SF:src/components/ContactUs.jsx
FN:1,(anonymous_0)
FNF:1
FNH:1
FNDA:3,(anonymous_0)
DA:1,1
DA:2,3
LF:2
LH:2
BRF:0
BRH:0
end_of_record
TN:
SF:src/components/Header.jsx
FN:9,(anonymous_0)
FN:18,(anonymous_1)
FN:25,(anonymous_2)
FN:38,(anonymous_3)
FNF:4
FNH:3
FNDA:12,(anonymous_0)
FNDA:23,(anonymous_1)
FNDA:0,(anonymous_2)
FNDA:1,(anonymous_3)
DA:9,2
DA:13,12
DA:14,12
DA:16,12
DA:18,23
DA:20,12
DA:25,0
DA:38,1
LF:8
LH:7
BRDA:29,0,0,0
BRDA:29,0,1,12
BRDA:38,1,0,1
BRDA:38,1,1,0
BRF:4
BRH:2
end_of_record
TN:
SF:src/components/RestaurantCard.jsx
FN:3,(anonymous_0)
FN:27,(anonymous_1)
FN:28,(anonymous_2)
FNF:3
FNH:3
FNDA:78,(anonymous_0)
FNDA:9,(anonymous_1)
FNDA:39,(anonymous_2)
DA:3,2
DA:6,78
DA:8,78
DA:27,2
DA:28,9
DA:29,39
LF:6
LH:6
BRDA:19,0,0,26
BRDA:19,0,1,52
BRF:2
BRH:2
end_of_record
TN:
SF:src/components/RestaurantMenuItems.jsx
FN:8,(anonymous_0)
FN:10,(anonymous_1)
FN:11,(anonymous_2)
FN:13,(anonymous_3)
FN:16,(anonymous_4)
FN:19,(anonymous_5)
FN:29,(anonymous_6)
FN:30,(anonymous_7)
FN:32,(anonymous_8)
FN:34,(anonymous_9)
FN:43,(anonymous_10)
FN:44,(anonymous_11)
FN:50,(anonymous_12)
FN:56,(anonymous_13)
FN:58,(anonymous_14)
FN:61,(anonymous_15)
FN:63,(anonymous_16)
FN:69,(anonymous_17)
FN:88,(anonymous_18)
FN:90,(anonymous_19)
FN:95,(anonymous_20)
FN:108,(anonymous_21)
FN:109,(anonymous_22)
FN:113,(anonymous_23)
FN:119,(anonymous_24)
FN:121,(anonymous_25)
FN:126,(anonymous_26)
FN:138,(anonymous_27)
FN:138,(anonymous_28)
FN:142,(anonymous_29)
FNF:30
FNH:20
FNDA:8,(anonymous_0)
FNDA:6,(anonymous_1)
FNDA:96,(anonymous_2)
FNDA:6,(anonymous_3)
FNDA:96,(anonymous_4)
FNDA:78,(anonymous_5)
FNDA:1,(anonymous_6)
FNDA:1,(anonymous_7)
FNDA:16,(anonymous_8)
FNDA:1,(anonymous_9)
FNDA:0,(anonymous_10)
FNDA:0,(anonymous_11)
FNDA:0,(anonymous_12)
FNDA:1,(anonymous_13)
FNDA:1,(anonymous_14)
FNDA:0,(anonymous_15)
FNDA:0,(anonymous_16)
FNDA:2,(anonymous_17)
FNDA:128,(anonymous_18)
FNDA:1,(anonymous_19)
FNDA:932,(anonymous_20)
FNDA:0,(anonymous_21)
FNDA:1,(anonymous_22)
FNDA:2,(anonymous_23)
FNDA:104,(anonymous_24)
FNDA:0,(anonymous_25)
FNDA:344,(anonymous_26)
FNDA:0,(anonymous_27)
FNDA:0,(anonymous_28)
FNDA:0,(anonymous_29)
DA:8,1
DA:10,8
DA:11,96
DA:13,8
DA:14,6
DA:15,6
DA:16,6
DA:17,96
DA:18,96
DA:19,78
DA:23,6
DA:26,8
DA:29,8
DA:30,1
DA:31,1
DA:32,16
DA:34,1
DA:35,1
DA:36,1
DA:37,1
DA:38,1
DA:39,1
DA:43,8
DA:44,0
DA:45,0
DA:46,0
DA:47,0
DA:50,0
DA:56,8
DA:57,1
DA:58,1
DA:61,8
DA:62,0
DA:63,0
DA:67,8
DA:69,8
DA:70,2
DA:72,2
DA:73,2
DA:85,8
DA:89,128
DA:90,1
DA:96,932
DA:97,932
DA:98,932
DA:99,852
DA:101,932
DA:108,0
DA:109,1
DA:113,2
DA:120,104
DA:121,0
DA:127,344
DA:128,344
DA:129,344
DA:130,240
DA:132,344
DA:138,0
DA:142,0
LF:59
LH:48
BRDA:11,0,0,6
BRDA:11,0,1,0
BRDA:15,1,0,6
BRDA:15,1,1,0
BRDA:18,2,0,30
BRDA:18,2,1,66
BRDA:18,3,0,96
BRDA:18,3,1,30
BRDA:32,4,0,1
BRDA:32,4,1,0
BRDA:37,5,0,0
BRDA:37,5,1,1
BRDA:46,6,0,0
BRDA:46,6,1,0
BRDA:49,7,0,0
BRDA:49,7,1,0
BRDA:58,8,0,0
BRDA:58,8,1,1
BRDA:63,9,0,0
BRDA:63,9,1,0
BRDA:89,10,0,128
BRDA:89,10,1,0
BRDA:95,11,0,87
BRDA:95,11,1,41
BRDA:95,12,0,128
BRDA:95,12,1,127
BRDA:98,13,0,852
BRDA:98,13,1,80
BRDA:98,14,0,932
BRDA:98,14,1,932
BRDA:102,15,0,932
BRDA:102,15,1,0
BRDA:105,16,0,625
BRDA:105,16,1,307
BRDA:106,17,0,932
BRDA:106,17,1,296
BRDA:106,18,0,932
BRDA:106,18,1,296
BRDA:107,19,0,2
BRDA:107,19,1,930
BRDA:119,20,0,41
BRDA:119,20,1,40
BRDA:119,20,2,40
BRDA:120,21,0,104
BRDA:120,21,1,104
BRDA:126,22,0,104
BRDA:126,22,1,104
BRDA:126,22,2,104
BRDA:129,23,0,240
BRDA:129,23,1,104
BRDA:129,24,0,344
BRDA:129,24,1,344
BRDA:133,25,0,344
BRDA:133,25,1,0
BRDA:136,26,0,240
BRDA:136,26,1,104
BRDA:137,27,0,344
BRDA:137,27,1,104
BRDA:137,28,0,344
BRDA:137,28,1,104
BRDA:138,29,0,0
BRDA:138,29,1,344
BRF:62
BRH:47
end_of_record
TN:
SF:src/components/Sum.jsx
FN:1,(anonymous_0)
FNF:1
FNH:1
FNDA:1,(anonymous_0)
DA:1,1
DA:2,1
LF:2
LH:2
BRF:0
BRH:0
end_of_record
TN:
SF:src/components/shimmer.jsx
FN:1,(anonymous_0)
FN:4,(anonymous_1)
FNF:2
FNH:2
FNDA:3,(anonymous_0)
FNDA:48,(anonymous_1)
DA:1,1
DA:2,3
DA:5,48
LF:3
LH:3
BRF:0
BRH:0
end_of_record
TN:
SF:src/utils/AppStore.jsx
FNF:0
FNH:0
DA:5,2
LF:1
LH:1
BRF:0
BRH:0
end_of_record
TN:
SF:src/utils/CartSlice.jsx
FN:12,(anonymous_0)
FN:16,(anonymous_1)
FN:18,(anonymous_2)
FN:20,(anonymous_3)
FN:25,(anonymous_4)
FNF:5
FNH:4
FNDA:2,(anonymous_0)
FNDA:1,(anonymous_1)
FNDA:2,(anonymous_2)
FNDA:1,(anonymous_3)
FNDA:0,(anonymous_4)
DA:3,2
DA:14,2
DA:17,1
DA:18,2
DA:23,1
DA:26,0
DA:27,0
DA:28,0
DA:29,0
DA:34,2
DA:36,2
LF:11
LH:7
BRF:0
BRH:0
end_of_record
TN:
SF:src/utils/constants.js
FNF:0
FNH:0
DA:1,4
DA:3,4
DA:5,4
LF:3
LH:3
BRF:0
BRH:0
end_of_record
TN:
SF:src/utils/useOnlineStatus.jsx
FN:3,(anonymous_0)
FN:6,(anonymous_1)
FN:7,(anonymous_2)
FN:11,(anonymous_3)
FNF:4
FNH:2
FNDA:20,(anonymous_0)
FNDA:11,(anonymous_1)
FNDA:0,(anonymous_2)
FNDA:0,(anonymous_3)
DA:3,3
DA:4,20
DA:6,20
DA:7,11
DA:8,0
DA:11,11
DA:12,0
DA:16,20
LF:8
LH:6
BRF:0
BRH:0
end_of_record
